{"@timestamp":"2024-08-19T12:41:10.076Z","level":"INFO","thread":"main","logger":"com.hcl.dxnotification.DxNotificationApplication","message":"Starting DxNotificationApplication using Java 22.0.1 on LP1-AP-52131712 with PID 68173 (/Users/tanphan/Documents/Projects/AVNET/dev/dxNotification/target/classes started by tanphan in /Users/tanphan/Documents/Projects/AVNET/dev/dxNotification)","exception":"","mdc":""}
{"@timestamp":"2024-08-19T12:41:10.086Z","level":"INFO","thread":"main","logger":"com.hcl.dxnotification.DxNotificationApplication","message":"No active profile set, falling back to 1 default profile: \"default\"","exception":"","mdc":""}
{"@timestamp":"2024-08-19T12:41:11.163Z","level":"INFO","thread":"main","logger":"org.springframework.boot.web.embedded.tomcat.TomcatWebServer","message":"Tomcat initialized with port(s): 8080 (http)","exception":"","mdc":""}
{"@timestamp":"2024-08-19T12:41:11.18Z","level":"INFO","thread":"main","logger":"org.apache.coyote.http11.Http11NioProtocol","message":"Initializing ProtocolHandler [\"http-nio-8080\"]","exception":"","mdc":""}
{"@timestamp":"2024-08-19T12:41:11.181Z","level":"INFO","thread":"main","logger":"org.apache.catalina.core.StandardService","message":"Starting service [Tomcat]","exception":"","mdc":""}
{"@timestamp":"2024-08-19T12:41:11.181Z","level":"INFO","thread":"main","logger":"org.apache.catalina.core.StandardEngine","message":"Starting Servlet engine: [Apache Tomcat/9.0.58]","exception":"","mdc":""}
{"@timestamp":"2024-08-19T12:41:11.25Z","level":"INFO","thread":"main","logger":"org.apache.catalina.core.ContainerBase.[Tomcat].[localhost].[/]","message":"Initializing Spring embedded WebApplicationContext","exception":"","mdc":""}
{"@timestamp":"2024-08-19T12:41:11.251Z","level":"INFO","thread":"main","logger":"org.springframework.boot.web.servlet.context.ServletWebServerApplicationContext","message":"Root WebApplicationContext: initialization completed in 1116 ms","exception":"","mdc":""}
{"@timestamp":"2024-08-19T12:41:11.296Z","level":"INFO","thread":"main","logger":"com.zaxxer.hikari.HikariDataSource","message":"HikariPool-1 - Starting...","exception":"","mdc":""}
{"@timestamp":"2024-08-19T12:41:11.443Z","level":"INFO","thread":"main","logger":"com.zaxxer.hikari.HikariDataSource","message":"HikariPool-1 - Start completed.","exception":"","mdc":""}
{"@timestamp":"2024-08-19T12:41:11.455Z","level":"INFO","thread":"main","logger":"org.springframework.boot.autoconfigure.h2.H2ConsoleAutoConfiguration","message":"H2 console available at '/h2-console'. Database available at 'jdbc:h2:mem:notificationDB'","exception":"","mdc":""}
{"@timestamp":"2024-08-19T12:41:11.812Z","level":"INFO","thread":"main","logger":"org.springframework.boot.autoconfigure.security.servlet.UserDetailsServiceAutoConfiguration","message":"\n\nUsing generated security password: 44b3d976-8cc7-46cd-aef0-4d63f51437fb\n","exception":"","mdc":""}
{"@timestamp":"2024-08-19T12:41:11.891Z","level":"INFO","thread":"main","logger":"org.springframework.security.web.DefaultSecurityFilterChain","message":"Will not secure any request","exception":"","mdc":""}
{"@timestamp":"2024-08-19T12:41:12.477Z","level":"INFO","thread":"main","logger":"org.apache.coyote.http11.Http11NioProtocol","message":"Starting ProtocolHandler [\"http-nio-8080\"]","exception":"","mdc":""}
{"@timestamp":"2024-08-19T12:41:12.499Z","level":"INFO","thread":"main","logger":"org.springframework.boot.web.embedded.tomcat.TomcatWebServer","message":"Tomcat started on port(s): 8080 (http) with context path ''","exception":"","mdc":""}
{"@timestamp":"2024-08-19T12:41:12.508Z","level":"INFO","thread":"main","logger":"com.hcl.dxnotification.DxNotificationApplication","message":"Started DxNotificationApplication in 3.013 seconds (JVM running for 3.458)","exception":"","mdc":""}
{"@timestamp":"2024-08-19T12:43:35.235Z","level":"INFO","thread":"http-nio-8080-exec-1","logger":"org.apache.catalina.core.ContainerBase.[Tomcat].[localhost].[/]","message":"Initializing Spring DispatcherServlet 'dispatcherServlet'","exception":"","mdc":""}
{"@timestamp":"2024-08-19T12:43:35.236Z","level":"INFO","thread":"http-nio-8080-exec-1","logger":"org.springframework.web.servlet.DispatcherServlet","message":"Initializing Servlet 'dispatcherServlet'","exception":"","mdc":""}
{"@timestamp":"2024-08-19T12:43:35.237Z","level":"INFO","thread":"http-nio-8080-exec-1","logger":"org.springframework.web.servlet.DispatcherServlet","message":"Completed initialization in 1 ms","exception":"","mdc":""}
{"@timestamp":"2024-08-19T12:45:11.421Z","level":"INFO","thread":"SpringApplicationShutdownHook","logger":"com.zaxxer.hikari.HikariDataSource","message":"HikariPool-1 - Shutdown initiated...","exception":"","mdc":""}
{"@timestamp":"2024-08-19T12:45:11.423Z","level":"INFO","thread":"SpringApplicationShutdownHook","logger":"com.zaxxer.hikari.HikariDataSource","message":"HikariPool-1 - Shutdown completed.","exception":"","mdc":""}
{"@timestamp":"2024-08-19T12:45:12.724Z","level":"INFO","thread":"main","logger":"com.hcl.dxnotification.DxNotificationApplication","message":"Starting DxNotificationApplication using Java 22.0.1 on LP1-AP-52131712 with PID 68603 (/Users/tanphan/Documents/Projects/AVNET/dev/dxNotification/target/classes started by tanphan in /Users/tanphan/Documents/Projects/AVNET/dev/dxNotification)","exception":"","mdc":""}
{"@timestamp":"2024-08-19T12:45:12.73Z","level":"INFO","thread":"main","logger":"com.hcl.dxnotification.DxNotificationApplication","message":"No active profile set, falling back to 1 default profile: \"default\"","exception":"","mdc":""}
{"@timestamp":"2024-08-19T12:45:13.759Z","level":"INFO","thread":"main","logger":"org.springframework.boot.web.embedded.tomcat.TomcatWebServer","message":"Tomcat initialized with port(s): 8080 (http)","exception":"","mdc":""}
{"@timestamp":"2024-08-19T12:45:13.769Z","level":"INFO","thread":"main","logger":"org.apache.coyote.http11.Http11NioProtocol","message":"Initializing ProtocolHandler [\"http-nio-8080\"]","exception":"","mdc":""}
{"@timestamp":"2024-08-19T12:45:13.77Z","level":"INFO","thread":"main","logger":"org.apache.catalina.core.StandardService","message":"Starting service [Tomcat]","exception":"","mdc":""}
{"@timestamp":"2024-08-19T12:45:13.77Z","level":"INFO","thread":"main","logger":"org.apache.catalina.core.StandardEngine","message":"Starting Servlet engine: [Apache Tomcat/9.0.58]","exception":"","mdc":""}
{"@timestamp":"2024-08-19T12:45:13.831Z","level":"INFO","thread":"main","logger":"org.apache.catalina.core.ContainerBase.[Tomcat].[localhost].[/]","message":"Initializing Spring embedded WebApplicationContext","exception":"","mdc":""}
{"@timestamp":"2024-08-19T12:45:13.831Z","level":"INFO","thread":"main","logger":"org.springframework.boot.web.servlet.context.ServletWebServerApplicationContext","message":"Root WebApplicationContext: initialization completed in 1066 ms","exception":"","mdc":""}
{"@timestamp":"2024-08-19T12:45:13.869Z","level":"INFO","thread":"main","logger":"com.zaxxer.hikari.HikariDataSource","message":"HikariPool-1 - Starting...","exception":"","mdc":""}
{"@timestamp":"2024-08-19T12:45:13.993Z","level":"INFO","thread":"main","logger":"com.zaxxer.hikari.HikariDataSource","message":"HikariPool-1 - Start completed.","exception":"","mdc":""}
{"@timestamp":"2024-08-19T12:45:14.002Z","level":"INFO","thread":"main","logger":"org.springframework.boot.autoconfigure.h2.H2ConsoleAutoConfiguration","message":"H2 console available at '/h2-console'. Database available at 'jdbc:h2:mem:notificationDB'","exception":"","mdc":""}
{"@timestamp":"2024-08-19T12:45:14.335Z","level":"INFO","thread":"main","logger":"org.springframework.boot.autoconfigure.security.servlet.UserDetailsServiceAutoConfiguration","message":"\n\nUsing generated security password: 7eb1e493-d8d0-4b10-8334-78dc814549f9\n","exception":"","mdc":""}
{"@timestamp":"2024-08-19T12:45:14.414Z","level":"INFO","thread":"main","logger":"org.springframework.security.web.DefaultSecurityFilterChain","message":"Will not secure any request","exception":"","mdc":""}
{"@timestamp":"2024-08-19T12:45:15.068Z","level":"INFO","thread":"main","logger":"org.apache.coyote.http11.Http11NioProtocol","message":"Starting ProtocolHandler [\"http-nio-8080\"]","exception":"","mdc":""}
{"@timestamp":"2024-08-19T12:45:15.091Z","level":"INFO","thread":"main","logger":"org.springframework.boot.web.embedded.tomcat.TomcatWebServer","message":"Tomcat started on port(s): 8080 (http) with context path ''","exception":"","mdc":""}
{"@timestamp":"2024-08-19T12:45:15.1Z","level":"INFO","thread":"main","logger":"com.hcl.dxnotification.DxNotificationApplication","message":"Started DxNotificationApplication in 2.94 seconds (JVM running for 3.391)","exception":"","mdc":""}
{"@timestamp":"2024-08-19T12:45:24.43Z","level":"INFO","thread":"http-nio-8080-exec-1","logger":"org.apache.catalina.core.ContainerBase.[Tomcat].[localhost].[/]","message":"Initializing Spring DispatcherServlet 'dispatcherServlet'","exception":"","mdc":""}
{"@timestamp":"2024-08-19T12:45:24.43Z","level":"INFO","thread":"http-nio-8080-exec-1","logger":"org.springframework.web.servlet.DispatcherServlet","message":"Initializing Servlet 'dispatcherServlet'","exception":"","mdc":""}
{"@timestamp":"2024-08-19T12:45:24.431Z","level":"INFO","thread":"http-nio-8080-exec-1","logger":"org.springframework.web.servlet.DispatcherServlet","message":"Completed initialization in 1 ms","exception":"","mdc":""}
{"@timestamp":"2024-08-19T12:46:08.571Z","level":"INFO","thread":"SpringApplicationShutdownHook","logger":"com.zaxxer.hikari.HikariDataSource","message":"HikariPool-1 - Shutdown initiated...","exception":"","mdc":""}
{"@timestamp":"2024-08-19T12:46:08.573Z","level":"INFO","thread":"SpringApplicationShutdownHook","logger":"com.zaxxer.hikari.HikariDataSource","message":"HikariPool-1 - Shutdown completed.","exception":"","mdc":""}
{"@timestamp":"2024-08-19T12:46:09.882Z","level":"INFO","thread":"main","logger":"com.hcl.dxnotification.DxNotificationApplication","message":"Starting DxNotificationApplication using Java 22.0.1 on LP1-AP-52131712 with PID 68677 (/Users/tanphan/Documents/Projects/AVNET/dev/dxNotification/target/classes started by tanphan in /Users/tanphan/Documents/Projects/AVNET/dev/dxNotification)","exception":"","mdc":""}
{"@timestamp":"2024-08-19T12:46:09.889Z","level":"INFO","thread":"main","logger":"com.hcl.dxnotification.DxNotificationApplication","message":"No active profile set, falling back to 1 default profile: \"default\"","exception":"","mdc":""}
{"@timestamp":"2024-08-19T12:46:10.885Z","level":"INFO","thread":"main","logger":"org.springframework.boot.web.embedded.tomcat.TomcatWebServer","message":"Tomcat initialized with port(s): 8080 (http)","exception":"","mdc":""}
{"@timestamp":"2024-08-19T12:46:10.894Z","level":"INFO","thread":"main","logger":"org.apache.coyote.http11.Http11NioProtocol","message":"Initializing ProtocolHandler [\"http-nio-8080\"]","exception":"","mdc":""}
{"@timestamp":"2024-08-19T12:46:10.895Z","level":"INFO","thread":"main","logger":"org.apache.catalina.core.StandardService","message":"Starting service [Tomcat]","exception":"","mdc":""}
{"@timestamp":"2024-08-19T12:46:10.895Z","level":"INFO","thread":"main","logger":"org.apache.catalina.core.StandardEngine","message":"Starting Servlet engine: [Apache Tomcat/9.0.58]","exception":"","mdc":""}
{"@timestamp":"2024-08-19T12:46:10.963Z","level":"INFO","thread":"main","logger":"org.apache.catalina.core.ContainerBase.[Tomcat].[localhost].[/]","message":"Initializing Spring embedded WebApplicationContext","exception":"","mdc":""}
{"@timestamp":"2024-08-19T12:46:10.963Z","level":"INFO","thread":"main","logger":"org.springframework.boot.web.servlet.context.ServletWebServerApplicationContext","message":"Root WebApplicationContext: initialization completed in 1036 ms","exception":"","mdc":""}
{"@timestamp":"2024-08-19T12:46:11.01Z","level":"INFO","thread":"main","logger":"com.zaxxer.hikari.HikariDataSource","message":"HikariPool-1 - Starting...","exception":"","mdc":""}
{"@timestamp":"2024-08-19T12:46:11.148Z","level":"INFO","thread":"main","logger":"com.zaxxer.hikari.HikariDataSource","message":"HikariPool-1 - Start completed.","exception":"","mdc":""}
{"@timestamp":"2024-08-19T12:46:11.158Z","level":"INFO","thread":"main","logger":"org.springframework.boot.autoconfigure.h2.H2ConsoleAutoConfiguration","message":"H2 console available at '/h2-console'. Database available at 'jdbc:h2:mem:notificationDB'","exception":"","mdc":""}
{"@timestamp":"2024-08-19T12:46:11.513Z","level":"INFO","thread":"main","logger":"org.springframework.boot.autoconfigure.security.servlet.UserDetailsServiceAutoConfiguration","message":"\n\nUsing generated security password: fbb8e969-5f11-4ec6-9b6c-d134d94d34bd\n","exception":"","mdc":""}
{"@timestamp":"2024-08-19T12:46:11.593Z","level":"INFO","thread":"main","logger":"org.springframework.security.web.DefaultSecurityFilterChain","message":"Will not secure any request","exception":"","mdc":""}
{"@timestamp":"2024-08-19T12:46:12.214Z","level":"INFO","thread":"main","logger":"org.apache.coyote.http11.Http11NioProtocol","message":"Starting ProtocolHandler [\"http-nio-8080\"]","exception":"","mdc":""}
{"@timestamp":"2024-08-19T12:46:12.238Z","level":"INFO","thread":"main","logger":"org.springframework.boot.web.embedded.tomcat.TomcatWebServer","message":"Tomcat started on port(s): 8080 (http) with context path ''","exception":"","mdc":""}
{"@timestamp":"2024-08-19T12:46:12.248Z","level":"INFO","thread":"main","logger":"com.hcl.dxnotification.DxNotificationApplication","message":"Started DxNotificationApplication in 2.928 seconds (JVM running for 3.39)","exception":"","mdc":""}
{"@timestamp":"2024-08-19T12:46:15.385Z","level":"INFO","thread":"http-nio-8080-exec-1","logger":"org.apache.catalina.core.ContainerBase.[Tomcat].[localhost].[/]","message":"Initializing Spring DispatcherServlet 'dispatcherServlet'","exception":"","mdc":""}
{"@timestamp":"2024-08-19T12:46:15.398Z","level":"INFO","thread":"http-nio-8080-exec-1","logger":"org.springframework.web.servlet.DispatcherServlet","message":"Initializing Servlet 'dispatcherServlet'","exception":"","mdc":""}
{"@timestamp":"2024-08-19T12:46:15.399Z","level":"INFO","thread":"http-nio-8080-exec-1","logger":"org.springframework.web.servlet.DispatcherServlet","message":"Completed initialization in 1 ms","exception":"","mdc":""}
{"@timestamp":"2024-08-19T12:46:15.476Z","level":"INFO","thread":"http-nio-8080-exec-1","logger":"com.hcl.dxnotification.service.NotificationService","message":"Fetching notifications for user","exception":"","mdc":"invalidateCache=false, limit=none, userId=string, transactionId=f7b934cb-0335-4c1b-9925-02d54b42d6f5"}
{"@timestamp":"2024-08-19T12:46:15.499Z","level":"INFO","thread":"http-nio-8080-exec-1","logger":"com.hcl.dxnotification.service.NotificationService","message":"Successfully fetched 0 notifications for user","exception":"","mdc":"invalidateCache=false, limit=none, userId=string, transactionId=f7b934cb-0335-4c1b-9925-02d54b42d6f5"}
{"@timestamp":"2024-08-19T12:46:15.5Z","level":"INFO","thread":"http-nio-8080-exec-1","logger":"com.hcl.dxnotification.logging.PerformanceLoggingAspect","message":"Method List com.hcl.dxnotification.service.NotificationService.getNotificationsByUserId(String,Integer,Boolean) executed in 36 ms","exception":"","mdc":""}
{"@timestamp":"2024-08-19T12:47:23.671Z","level":"INFO","thread":"http-nio-8080-exec-1","logger":"com.hcl.dxnotification.service.NotificationService","message":"Fetching notifications for user","exception":"","mdc":"invalidateCache=true, limit=none, userId=string, transactionId=28b4533d-4536-4795-9509-2d03a1b36ef2"}
{"@timestamp":"2024-08-19T12:47:23.672Z","level":"INFO","thread":"http-nio-8080-exec-1","logger":"com.hcl.dxnotification.service.NotificationService","message":"Invalidating cache for user","exception":"","mdc":"invalidateCache=true, limit=none, userId=string, transactionId=28b4533d-4536-4795-9509-2d03a1b36ef2"}
{"@timestamp":"2024-08-19T12:47:23.674Z","level":"INFO","thread":"http-nio-8080-exec-1","logger":"com.hcl.dxnotification.service.NotificationService","message":"Successfully fetched 30 notifications for user","exception":"","mdc":"invalidateCache=true, limit=none, userId=string, transactionId=28b4533d-4536-4795-9509-2d03a1b36ef2"}
{"@timestamp":"2024-08-19T12:47:23.674Z","level":"INFO","thread":"http-nio-8080-exec-1","logger":"com.hcl.dxnotification.logging.PerformanceLoggingAspect","message":"Method List com.hcl.dxnotification.service.NotificationService.getNotificationsByUserId(String,Integer,Boolean) executed in 3 ms","exception":"","mdc":""}
{"@timestamp":"2024-08-19T13:07:17.965Z","level":"INFO","thread":"main","logger":"com.hcl.dxnotification.DxNotificationApplicationTests","message":"Starting DxNotificationApplicationTests using Java 1.8.0_371 on LP1-AP-52131712 with PID 70873 (started by tanphan in /Users/tanphan/Documents/Projects/AVNET/dev/dxNotification)","exception":"","mdc":""}
{"@timestamp":"2024-08-19T13:07:17.974Z","level":"INFO","thread":"main","logger":"com.hcl.dxnotification.DxNotificationApplicationTests","message":"No active profile set, falling back to 1 default profile: \"default\"","exception":"","mdc":""}
{"@timestamp":"2024-08-19T13:07:20.347Z","level":"INFO","thread":"main","logger":"com.zaxxer.hikari.HikariDataSource","message":"HikariPool-1 - Starting...","exception":"","mdc":""}
{"@timestamp":"2024-08-19T13:07:20.726Z","level":"INFO","thread":"main","logger":"com.zaxxer.hikari.HikariDataSource","message":"HikariPool-1 - Start completed.","exception":"","mdc":""}
{"@timestamp":"2024-08-19T13:07:20.98Z","level":"INFO","thread":"main","logger":"org.springframework.boot.autoconfigure.security.servlet.UserDetailsServiceAutoConfiguration","message":"\n\nUsing generated security password: 550fdfb7-1519-4086-8c3e-5a47798be7d1\n","exception":"","mdc":""}
{"@timestamp":"2024-08-19T13:07:21.24Z","level":"INFO","thread":"main","logger":"org.springframework.security.web.DefaultSecurityFilterChain","message":"Will not secure any request","exception":"","mdc":""}
{"@timestamp":"2024-08-19T13:07:21.906Z","level":"INFO","thread":"main","logger":"org.springframework.boot.autoconfigure.h2.H2ConsoleAutoConfiguration","message":"H2 console available at '/h2-console'. Database available at 'jdbc:h2:mem:notificationDB'","exception":"","mdc":""}
{"@timestamp":"2024-08-19T13:07:23.469Z","level":"INFO","thread":"main","logger":"com.hcl.dxnotification.DxNotificationApplicationTests","message":"Started DxNotificationApplicationTests in 6.462 seconds (JVM running for 7.96)","exception":"","mdc":""}
{"@timestamp":"2024-08-19T13:07:23.889Z","level":"INFO","thread":"SpringApplicationShutdownHook","logger":"com.zaxxer.hikari.HikariDataSource","message":"HikariPool-1 - Shutdown initiated...","exception":"","mdc":""}
{"@timestamp":"2024-08-19T13:07:23.893Z","level":"INFO","thread":"SpringApplicationShutdownHook","logger":"com.zaxxer.hikari.HikariDataSource","message":"HikariPool-1 - Shutdown completed.","exception":"","mdc":""}
{"@timestamp":"2024-08-19T13:07:36.137Z","level":"INFO","thread":"main","logger":"com.hcl.dxnotification.DxNotificationApplicationTests","message":"Starting DxNotificationApplicationTests using Java 1.8.0_371 on LP1-AP-52131712 with PID 70941 (started by tanphan in /Users/tanphan/Documents/Projects/AVNET/dev/dxNotification)","exception":"","mdc":""}
{"@timestamp":"2024-08-19T13:07:36.148Z","level":"INFO","thread":"main","logger":"com.hcl.dxnotification.DxNotificationApplicationTests","message":"No active profile set, falling back to 1 default profile: \"default\"","exception":"","mdc":""}
{"@timestamp":"2024-08-19T13:07:38.37Z","level":"INFO","thread":"main","logger":"com.zaxxer.hikari.HikariDataSource","message":"HikariPool-1 - Starting...","exception":"","mdc":""}
{"@timestamp":"2024-08-19T13:07:38.626Z","level":"INFO","thread":"main","logger":"com.zaxxer.hikari.HikariDataSource","message":"HikariPool-1 - Start completed.","exception":"","mdc":""}
{"@timestamp":"2024-08-19T13:07:38.872Z","level":"INFO","thread":"main","logger":"org.springframework.boot.autoconfigure.security.servlet.UserDetailsServiceAutoConfiguration","message":"\n\nUsing generated security password: d0c113f8-bc10-4196-a589-8f2f3fc4bc4d\n","exception":"","mdc":""}
{"@timestamp":"2024-08-19T13:07:39.134Z","level":"INFO","thread":"main","logger":"org.springframework.security.web.DefaultSecurityFilterChain","message":"Will not secure any request","exception":"","mdc":""}
{"@timestamp":"2024-08-19T13:07:39.746Z","level":"INFO","thread":"main","logger":"org.springframework.boot.autoconfigure.h2.H2ConsoleAutoConfiguration","message":"H2 console available at '/h2-console'. Database available at 'jdbc:h2:mem:notificationDB'","exception":"","mdc":""}
{"@timestamp":"2024-08-19T13:07:41.161Z","level":"INFO","thread":"main","logger":"com.hcl.dxnotification.DxNotificationApplicationTests","message":"Started DxNotificationApplicationTests in 5.619 seconds (JVM running for 6.642)","exception":"","mdc":""}
{"@timestamp":"2024-08-19T13:07:41.485Z","level":"INFO","thread":"SpringApplicationShutdownHook","logger":"com.zaxxer.hikari.HikariDataSource","message":"HikariPool-1 - Shutdown initiated...","exception":"","mdc":""}
{"@timestamp":"2024-08-19T13:07:41.489Z","level":"INFO","thread":"SpringApplicationShutdownHook","logger":"com.zaxxer.hikari.HikariDataSource","message":"HikariPool-1 - Shutdown completed.","exception":"","mdc":""}
{"@timestamp":"2024-08-19T13:18:29.158Z","level":"INFO","thread":"http-nio-8080-exec-2","logger":"org.springdoc.api.AbstractOpenApiResource","message":"Init duration for springdoc-openapi is: 207 ms","exception":"","mdc":""}
