{"@timestamp":"2024-08-20T17:49:59.399Z","level":"INFO","thread":"main","logger":"com.hcl.dxnotification.DxNotificationApplicationTests","message":"Starting DxNotificationApplicationTests using Java 11.0.24 on Chris-Main-PC with PID 59685 (started by cdk2128 in /home/cdk2128/src/dxNotification/war)","exception":"","mdc":""}
{"@timestamp":"2024-08-20T17:49:59.403Z","level":"INFO","thread":"main","logger":"com.hcl.dxnotification.DxNotificationApplicationTests","message":"No active profile set, falling back to 1 default profile: \"default\"","exception":"","mdc":""}
{"@timestamp":"2024-08-20T17:50:00.061Z","level":"INFO","thread":"main","logger":"com.zaxxer.hikari.HikariDataSource","message":"HikariPool-1 - Starting...","exception":"","mdc":""}
{"@timestamp":"2024-08-20T17:50:00.167Z","level":"INFO","thread":"main","logger":"com.zaxxer.hikari.HikariDataSource","message":"HikariPool-1 - Start completed.","exception":"","mdc":""}
{"@timestamp":"2024-08-20T17:50:00.266Z","level":"INFO","thread":"main","logger":"org.springframework.boot.autoconfigure.security.servlet.UserDetailsServiceAutoConfiguration","message":"\n\nUsing generated security password: e78265ec-d872-43bf-9638-7192c72a7a2b\n","exception":"","mdc":""}
{"@timestamp":"2024-08-20T17:50:00.34Z","level":"INFO","thread":"main","logger":"org.springframework.security.web.DefaultSecurityFilterChain","message":"Will not secure any request","exception":"","mdc":""}
{"@timestamp":"2024-08-20T17:50:00.554Z","level":"INFO","thread":"main","logger":"org.springframework.boot.autoconfigure.h2.H2ConsoleAutoConfiguration","message":"H2 console available at '/h2-console'. Database available at 'jdbc:h2:mem:notificationDB'","exception":"","mdc":""}
{"@timestamp":"2024-08-20T17:50:01.071Z","level":"INFO","thread":"main","logger":"com.hcl.dxnotification.DxNotificationApplicationTests","message":"Started DxNotificationApplicationTests in 1.947 seconds (JVM running for 2.416)","exception":"","mdc":""}
{"@timestamp":"2024-08-20T17:50:01.267Z","level":"INFO","thread":"SpringApplicationShutdownHook","logger":"com.zaxxer.hikari.HikariDataSource","message":"HikariPool-1 - Shutdown initiated...","exception":"","mdc":""}
{"@timestamp":"2024-08-20T17:50:01.271Z","level":"INFO","thread":"SpringApplicationShutdownHook","logger":"com.zaxxer.hikari.HikariDataSource","message":"HikariPool-1 - Shutdown completed.","exception":"","mdc":""}
{"@timestamp":"2024-08-20T17:54:22.014Z","level":"INFO","thread":"main","logger":"com.hcl.dxnotification.DxNotificationApplicationTests","message":"Starting DxNotificationApplicationTests using Java 11.0.24 on Chris-Main-PC with PID 63113 (started by cdk2128 in /home/cdk2128/src/dxNotification/war)","exception":"","mdc":""}
{"@timestamp":"2024-08-20T17:54:22.018Z","level":"INFO","thread":"main","logger":"com.hcl.dxnotification.DxNotificationApplicationTests","message":"No active profile set, falling back to 1 default profile: \"default\"","exception":"","mdc":""}
{"@timestamp":"2024-08-20T17:54:22.593Z","level":"INFO","thread":"main","logger":"com.zaxxer.hikari.HikariDataSource","message":"HikariPool-1 - Starting...","exception":"","mdc":""}
{"@timestamp":"2024-08-20T17:54:22.677Z","level":"INFO","thread":"main","logger":"com.zaxxer.hikari.HikariDataSource","message":"HikariPool-1 - Start completed.","exception":"","mdc":""}
{"@timestamp":"2024-08-20T17:54:22.767Z","level":"INFO","thread":"main","logger":"org.springframework.boot.autoconfigure.security.servlet.UserDetailsServiceAutoConfiguration","message":"\n\nUsing generated security password: 48bcea65-5568-49fd-8081-862203e35a39\n","exception":"","mdc":""}
{"@timestamp":"2024-08-20T17:54:22.833Z","level":"INFO","thread":"main","logger":"org.springframework.security.web.DefaultSecurityFilterChain","message":"Will not secure any request","exception":"","mdc":""}
{"@timestamp":"2024-08-20T17:54:23.028Z","level":"INFO","thread":"main","logger":"org.springframework.boot.autoconfigure.h2.H2ConsoleAutoConfiguration","message":"H2 console available at '/h2-console'. Database available at 'jdbc:h2:mem:notificationDB'","exception":"","mdc":""}
{"@timestamp":"2024-08-20T17:54:23.567Z","level":"INFO","thread":"main","logger":"com.hcl.dxnotification.DxNotificationApplicationTests","message":"Started DxNotificationApplicationTests in 1.828 seconds (JVM running for 2.28)","exception":"","mdc":""}
{"@timestamp":"2024-08-20T17:54:23.717Z","level":"INFO","thread":"SpringApplicationShutdownHook","logger":"com.zaxxer.hikari.HikariDataSource","message":"HikariPool-1 - Shutdown initiated...","exception":"","mdc":""}
{"@timestamp":"2024-08-20T17:54:23.721Z","level":"INFO","thread":"SpringApplicationShutdownHook","logger":"com.zaxxer.hikari.HikariDataSource","message":"HikariPool-1 - Shutdown completed.","exception":"","mdc":""}
{"@timestamp":"2024-08-20T18:13:34.852Z","level":"INFO","thread":"main","logger":"com.hcl.dxnotification.DxNotificationApplicationTests","message":"Starting DxNotificationApplicationTests using Java 11.0.24 on Chris-Main-PC with PID 73481 (started by cdk2128 in /home/cdk2128/src/dxNotification/war)","exception":"","mdc":""}
{"@timestamp":"2024-08-20T18:13:34.856Z","level":"INFO","thread":"main","logger":"com.hcl.dxnotification.DxNotificationApplicationTests","message":"No active profile set, falling back to 1 default profile: \"default\"","exception":"","mdc":""}
{"@timestamp":"2024-08-20T18:13:35.507Z","level":"INFO","thread":"main","logger":"com.zaxxer.hikari.HikariDataSource","message":"HikariPool-1 - Starting...","exception":"","mdc":""}
{"@timestamp":"2024-08-20T18:13:35.604Z","level":"INFO","thread":"main","logger":"com.zaxxer.hikari.HikariDataSource","message":"HikariPool-1 - Start completed.","exception":"","mdc":""}
{"@timestamp":"2024-08-20T18:13:35.7Z","level":"INFO","thread":"main","logger":"org.springframework.boot.autoconfigure.security.servlet.UserDetailsServiceAutoConfiguration","message":"\n\nUsing generated security password: 31a099d8-4bb5-4ab8-aba2-776ac8036be5\n","exception":"","mdc":""}
{"@timestamp":"2024-08-20T18:13:35.78Z","level":"INFO","thread":"main","logger":"org.springframework.security.web.DefaultSecurityFilterChain","message":"Will not secure any request","exception":"","mdc":""}
{"@timestamp":"2024-08-20T18:13:35.984Z","level":"INFO","thread":"main","logger":"org.springframework.boot.autoconfigure.h2.H2ConsoleAutoConfiguration","message":"H2 console available at '/h2-console'. Database available at 'jdbc:h2:mem:notificationDB'","exception":"","mdc":""}
{"@timestamp":"2024-08-20T18:13:36.48Z","level":"INFO","thread":"main","logger":"com.hcl.dxnotification.DxNotificationApplicationTests","message":"Started DxNotificationApplicationTests in 1.901 seconds (JVM running for 2.407)","exception":"","mdc":""}
{"@timestamp":"2024-08-20T18:13:36.665Z","level":"INFO","thread":"SpringApplicationShutdownHook","logger":"com.zaxxer.hikari.HikariDataSource","message":"HikariPool-1 - Shutdown initiated...","exception":"","mdc":""}
{"@timestamp":"2024-08-20T18:13:36.669Z","level":"INFO","thread":"SpringApplicationShutdownHook","logger":"com.zaxxer.hikari.HikariDataSource","message":"HikariPool-1 - Shutdown completed.","exception":"","mdc":""}
{"@timestamp":"2024-08-20T18:14:38.134Z","level":"INFO","thread":"main","logger":"com.hcl.dxnotification.DxNotificationApplicationTests","message":"Starting DxNotificationApplicationTests using Java 11.0.24 on Chris-Main-PC with PID 74536 (started by cdk2128 in /home/cdk2128/src/dxNotification/war)","exception":"","mdc":""}
{"@timestamp":"2024-08-20T18:14:38.138Z","level":"INFO","thread":"main","logger":"com.hcl.dxnotification.DxNotificationApplicationTests","message":"No active profile set, falling back to 1 default profile: \"default\"","exception":"","mdc":""}
{"@timestamp":"2024-08-20T18:14:38.717Z","level":"INFO","thread":"main","logger":"com.zaxxer.hikari.HikariDataSource","message":"HikariPool-1 - Starting...","exception":"","mdc":""}
{"@timestamp":"2024-08-20T18:14:38.799Z","level":"INFO","thread":"main","logger":"com.zaxxer.hikari.HikariDataSource","message":"HikariPool-1 - Start completed.","exception":"","mdc":""}
{"@timestamp":"2024-08-20T18:14:38.886Z","level":"INFO","thread":"main","logger":"org.springframework.boot.autoconfigure.security.servlet.UserDetailsServiceAutoConfiguration","message":"\n\nUsing generated security password: 559ef103-305d-4f66-afb4-8a0f79570d1a\n","exception":"","mdc":""}
{"@timestamp":"2024-08-20T18:14:38.95Z","level":"INFO","thread":"main","logger":"org.springframework.security.web.DefaultSecurityFilterChain","message":"Will not secure any request","exception":"","mdc":""}
{"@timestamp":"2024-08-20T18:14:39.161Z","level":"INFO","thread":"main","logger":"org.springframework.boot.autoconfigure.h2.H2ConsoleAutoConfiguration","message":"H2 console available at '/h2-console'. Database available at 'jdbc:h2:mem:notificationDB'","exception":"","mdc":""}
{"@timestamp":"2024-08-20T18:14:39.707Z","level":"INFO","thread":"main","logger":"com.hcl.dxnotification.DxNotificationApplicationTests","message":"Started DxNotificationApplicationTests in 1.825 seconds (JVM running for 2.271)","exception":"","mdc":""}
{"@timestamp":"2024-08-20T18:14:39.856Z","level":"INFO","thread":"SpringApplicationShutdownHook","logger":"com.zaxxer.hikari.HikariDataSource","message":"HikariPool-1 - Shutdown initiated...","exception":"","mdc":""}
{"@timestamp":"2024-08-20T18:14:39.86Z","level":"INFO","thread":"SpringApplicationShutdownHook","logger":"com.zaxxer.hikari.HikariDataSource","message":"HikariPool-1 - Shutdown completed.","exception":"","mdc":""}
{"@timestamp":"2024-08-20T18:15:49.497Z","level":"INFO","thread":"main","logger":"com.hcl.dxnotification.DxNotificationApplicationTests","message":"Starting DxNotificationApplicationTests using Java 11.0.24 on Chris-Main-PC with PID 75834 (started by cdk2128 in /home/cdk2128/src/dxNotification/war)","exception":"","mdc":""}
{"@timestamp":"2024-08-20T18:15:49.501Z","level":"INFO","thread":"main","logger":"com.hcl.dxnotification.DxNotificationApplicationTests","message":"No active profile set, falling back to 1 default profile: \"default\"","exception":"","mdc":""}
{"@timestamp":"2024-08-20T18:15:50.083Z","level":"INFO","thread":"main","logger":"com.zaxxer.hikari.HikariDataSource","message":"HikariPool-1 - Starting...","exception":"","mdc":""}
{"@timestamp":"2024-08-20T18:15:50.169Z","level":"INFO","thread":"main","logger":"com.zaxxer.hikari.HikariDataSource","message":"HikariPool-1 - Start completed.","exception":"","mdc":""}
{"@timestamp":"2024-08-20T18:15:50.261Z","level":"INFO","thread":"main","logger":"org.springframework.boot.autoconfigure.security.servlet.UserDetailsServiceAutoConfiguration","message":"\n\nUsing generated security password: f1a058da-e6a7-47f4-9b42-962dd42e7307\n","exception":"","mdc":""}
{"@timestamp":"2024-08-20T18:15:50.328Z","level":"INFO","thread":"main","logger":"org.springframework.security.web.DefaultSecurityFilterChain","message":"Will not secure any request","exception":"","mdc":""}
{"@timestamp":"2024-08-20T18:15:50.537Z","level":"INFO","thread":"main","logger":"org.springframework.boot.autoconfigure.h2.H2ConsoleAutoConfiguration","message":"H2 console available at '/h2-console'. Database available at 'jdbc:h2:mem:notificationDB'","exception":"","mdc":""}
{"@timestamp":"2024-08-20T18:15:51.109Z","level":"INFO","thread":"main","logger":"com.hcl.dxnotification.DxNotificationApplicationTests","message":"Started DxNotificationApplicationTests in 1.865 seconds (JVM running for 2.295)","exception":"","mdc":""}
{"@timestamp":"2024-08-20T18:15:51.283Z","level":"INFO","thread":"SpringApplicationShutdownHook","logger":"com.zaxxer.hikari.HikariDataSource","message":"HikariPool-1 - Shutdown initiated...","exception":"","mdc":""}
{"@timestamp":"2024-08-20T18:15:51.288Z","level":"INFO","thread":"SpringApplicationShutdownHook","logger":"com.zaxxer.hikari.HikariDataSource","message":"HikariPool-1 - Shutdown completed.","exception":"","mdc":""}
{"@timestamp":"2024-08-20T18:18:15.706Z","level":"INFO","thread":"main","logger":"com.hcl.dxnotification.DxNotificationApplicationTests","message":"Starting DxNotificationApplicationTests using Java 11.0.24 on Chris-Main-PC with PID 77589 (started by cdk2128 in /home/cdk2128/src/dxNotification/war)","exception":"","mdc":""}
{"@timestamp":"2024-08-20T18:18:15.709Z","level":"INFO","thread":"main","logger":"com.hcl.dxnotification.DxNotificationApplicationTests","message":"No active profile set, falling back to 1 default profile: \"default\"","exception":"","mdc":""}
{"@timestamp":"2024-08-20T18:18:16.287Z","level":"INFO","thread":"main","logger":"com.zaxxer.hikari.HikariDataSource","message":"HikariPool-1 - Starting...","exception":"","mdc":""}
{"@timestamp":"2024-08-20T18:18:16.373Z","level":"INFO","thread":"main","logger":"com.zaxxer.hikari.HikariDataSource","message":"HikariPool-1 - Start completed.","exception":"","mdc":""}
{"@timestamp":"2024-08-20T18:18:16.459Z","level":"INFO","thread":"main","logger":"org.springframework.boot.autoconfigure.security.servlet.UserDetailsServiceAutoConfiguration","message":"\n\nUsing generated security password: afda5f29-8234-43e6-9b37-342de9f10c4d\n","exception":"","mdc":""}
{"@timestamp":"2024-08-20T18:18:16.524Z","level":"INFO","thread":"main","logger":"org.springframework.security.web.DefaultSecurityFilterChain","message":"Will not secure any request","exception":"","mdc":""}
{"@timestamp":"2024-08-20T18:18:16.726Z","level":"INFO","thread":"main","logger":"org.springframework.boot.autoconfigure.h2.H2ConsoleAutoConfiguration","message":"H2 console available at '/h2-console'. Database available at 'jdbc:h2:mem:notificationDB'","exception":"","mdc":""}
{"@timestamp":"2024-08-20T18:18:17.271Z","level":"INFO","thread":"main","logger":"com.hcl.dxnotification.DxNotificationApplicationTests","message":"Started DxNotificationApplicationTests in 1.809 seconds (JVM running for 2.208)","exception":"","mdc":""}
{"@timestamp":"2024-08-20T18:18:17.442Z","level":"INFO","thread":"SpringApplicationShutdownHook","logger":"com.zaxxer.hikari.HikariDataSource","message":"HikariPool-1 - Shutdown initiated...","exception":"","mdc":""}
{"@timestamp":"2024-08-20T18:18:17.447Z","level":"INFO","thread":"SpringApplicationShutdownHook","logger":"com.zaxxer.hikari.HikariDataSource","message":"HikariPool-1 - Shutdown completed.","exception":"","mdc":""}
{"@timestamp":"2024-08-20T18:59:59.165Z","level":"INFO","thread":"main","logger":"com.hcl.dxnotification.DxNotificationApplicationTests","message":"Starting DxNotificationApplicationTests using Java 11.0.24 on Chris-Main-PC with PID 99429 (started by cdk2128 in /home/cdk2128/src/dxNotification/war)","exception":"","mdc":""}
{"@timestamp":"2024-08-20T18:59:59.169Z","level":"INFO","thread":"main","logger":"com.hcl.dxnotification.DxNotificationApplicationTests","message":"No active profile set, falling back to 1 default profile: \"default\"","exception":"","mdc":""}
{"@timestamp":"2024-08-20T18:59:59.82Z","level":"INFO","thread":"main","logger":"com.zaxxer.hikari.HikariDataSource","message":"HikariPool-1 - Starting...","exception":"","mdc":""}
{"@timestamp":"2024-08-20T18:59:59.921Z","level":"INFO","thread":"main","logger":"com.zaxxer.hikari.HikariDataSource","message":"HikariPool-1 - Start completed.","exception":"","mdc":""}
{"@timestamp":"2024-08-20T19:00:00.02Z","level":"INFO","thread":"main","logger":"org.springframework.boot.autoconfigure.security.servlet.UserDetailsServiceAutoConfiguration","message":"\n\nUsing generated security password: 754259cf-98e9-4298-b8d2-f36e4533f79e\n","exception":"","mdc":""}
{"@timestamp":"2024-08-20T19:00:00.099Z","level":"INFO","thread":"main","logger":"org.springframework.security.web.DefaultSecurityFilterChain","message":"Will not secure any request","exception":"","mdc":""}
{"@timestamp":"2024-08-20T19:00:00.297Z","level":"INFO","thread":"main","logger":"org.springframework.boot.autoconfigure.h2.H2ConsoleAutoConfiguration","message":"H2 console available at '/h2-console'. Database available at 'jdbc:h2:mem:notificationDB'","exception":"","mdc":""}
{"@timestamp":"2024-08-20T19:00:00.855Z","level":"INFO","thread":"main","logger":"com.hcl.dxnotification.DxNotificationApplicationTests","message":"Started DxNotificationApplicationTests in 1.966 seconds (JVM running for 2.478)","exception":"","mdc":""}
{"@timestamp":"2024-08-20T19:00:01.041Z","level":"INFO","thread":"SpringApplicationShutdownHook","logger":"com.zaxxer.hikari.HikariDataSource","message":"HikariPool-1 - Shutdown initiated...","exception":"","mdc":""}
{"@timestamp":"2024-08-20T19:00:01.045Z","level":"INFO","thread":"SpringApplicationShutdownHook","logger":"com.zaxxer.hikari.HikariDataSource","message":"HikariPool-1 - Shutdown completed.","exception":"","mdc":""}
